Performing C SOURCE FILE Test CMAKE_HAVE_LIBC_PTHREAD failed with the following output:
Change Dir: /home/csmajs/mvale106/lab-07---visitor-pattern-efrac003-mvale106-lab-7/CMakeFiles/CMakeTmp

Run Build Command(s):/usr/bin/gmake cmTC_2c4e3/fast && /usr/bin/gmake  -f CMakeFiles/cmTC_2c4e3.dir/build.make CMakeFiles/cmTC_2c4e3.dir/build
gmake[1]: Entering directory `/home/csmajs/mvale106/lab-07---visitor-pattern-efrac003-mvale106-lab-7/CMakeFiles/CMakeTmp'
Building C object CMakeFiles/cmTC_2c4e3.dir/src.c.o
/usr/bin/cc   -DCMAKE_HAVE_LIBC_PTHREAD   -o CMakeFiles/cmTC_2c4e3.dir/src.c.o   -c /home/csmajs/mvale106/lab-07---visitor-pattern-efrac003-mvale106-lab-7/CMakeFiles/CMakeTmp/src.c
Linking C executable cmTC_2c4e3
/usr/bin/cmake3 -E cmake_link_script CMakeFiles/cmTC_2c4e3.dir/link.txt --verbose=1
/usr/bin/cc  -DCMAKE_HAVE_LIBC_PTHREAD    -rdynamic CMakeFiles/cmTC_2c4e3.dir/src.c.o  -o cmTC_2c4e3 
CMakeFiles/cmTC_2c4e3.dir/src.c.o: In function `main':
src.c:(.text+0x2d): undefined reference to `pthread_create'
src.c:(.text+0x39): undefined reference to `pthread_detach'
src.c:(.text+0x45): undefined reference to `pthread_cancel'
src.c:(.text+0x56): undefined reference to `pthread_join'
src.c:(.text+0x6a): undefined reference to `pthread_atfork'
collect2: error: ld returned 1 exit status
gmake[1]: *** [cmTC_2c4e3] Error 1
gmake[1]: Leaving directory `/home/csmajs/mvale106/lab-07---visitor-pattern-efrac003-mvale106-lab-7/CMakeFiles/CMakeTmp'
gmake: *** [cmTC_2c4e3/fast] Error 2


Source file was:
#include <pthread.h>

void* test_func(void* data)
{
  return data;
}

int main(void)
{
  pthread_t thread;
  pthread_create(&thread, NULL, test_func, NULL);
  pthread_detach(thread);
  pthread_cancel(thread);
  pthread_join(thread, NULL);
  pthread_atfork(NULL, NULL, NULL);
  pthread_exit(NULL);

  return 0;
}

Determining if the function pthread_create exists in the pthreads failed with the following output:
Change Dir: /home/csmajs/mvale106/lab-07---visitor-pattern-efrac003-mvale106-lab-7/CMakeFiles/CMakeTmp

Run Build Command(s):/usr/bin/gmake cmTC_39b80/fast && /usr/bin/gmake  -f CMakeFiles/cmTC_39b80.dir/build.make CMakeFiles/cmTC_39b80.dir/build
gmake[1]: Entering directory `/home/csmajs/mvale106/lab-07---visitor-pattern-efrac003-mvale106-lab-7/CMakeFiles/CMakeTmp'
Building C object CMakeFiles/cmTC_39b80.dir/CheckFunctionExists.c.o
/usr/bin/cc   -DCHECK_FUNCTION_EXISTS=pthread_create   -o CMakeFiles/cmTC_39b80.dir/CheckFunctionExists.c.o   -c /usr/share/cmake3/Modules/CheckFunctionExists.c
Linking C executable cmTC_39b80
/usr/bin/cmake3 -E cmake_link_script CMakeFiles/cmTC_39b80.dir/link.txt --verbose=1
/usr/bin/cc  -DCHECK_FUNCTION_EXISTS=pthread_create    -rdynamic CMakeFiles/cmTC_39b80.dir/CheckFunctionExists.c.o  -o cmTC_39b80  -lpthreads 
/usr/bin/ld: cannot find -lpthreads
collect2: error: ld returned 1 exit status
gmake[1]: *** [cmTC_39b80] Error 1
gmake[1]: Leaving directory `/home/csmajs/mvale106/lab-07---visitor-pattern-efrac003-mvale106-lab-7/CMakeFiles/CMakeTmp'
gmake: *** [cmTC_39b80/fast] Error 2



